<?xml version="1.0" encoding="UTF-8"?>
<coverage generated="1750412955569" clover="3.2.0">
  <project timestamp="1750412955569" name="All files">
    <metrics statements="90" coveredstatements="14" conditionals="16" coveredconditionals="2" methods="33" coveredmethods="5" elements="139" coveredelements="21" complexity="0" loc="90" ncloc="90" packages="4" files="29" classes="29"/>
    <package name="src">
      <metrics statements="1" coveredstatements="1" conditionals="0" coveredconditionals="0" methods="1" coveredmethods="1"/>
      <file name="App.js" path="/Users/rei/Documents/GIT/team/CalendarMatchSystem/frontend/src/App.js">
        <metrics statements="1" coveredstatements="1" conditionals="0" coveredconditionals="0" methods="1" coveredmethods="1"/>
        <line num="13" count="2" type="stmt"/>
      </file>
    </package>
    <package name="src.components">
      <metrics statements="8" coveredstatements="5" conditionals="5" coveredconditionals="2" methods="4" coveredmethods="2"/>
      <file name="CommunityLeave.jsx" path="/Users/rei/Documents/GIT/team/CalendarMatchSystem/frontend/src/components/CommunityLeave.jsx">
        <metrics statements="2" coveredstatements="1" conditionals="1" coveredconditionals="0" methods="1" coveredmethods="0"/>
        <line num="3" count="1" type="cond" truecount="0" falsecount="1"/>
        <line num="4" count="0" type="stmt"/>
      </file>
      <file name="LoginUI.jsx" path="/Users/rei/Documents/GIT/team/CalendarMatchSystem/frontend/src/components/LoginUI.jsx">
        <metrics statements="2" coveredstatements="0" conditionals="2" coveredconditionals="0" methods="1" coveredmethods="0"/>
        <line num="18" count="0" type="stmt"/>
        <line num="26" count="0" type="stmt"/>
      </file>
      <file name="LogoutUI.jsx" path="/Users/rei/Documents/GIT/team/CalendarMatchSystem/frontend/src/components/LogoutUI.jsx">
        <metrics statements="2" coveredstatements="2" conditionals="0" coveredconditionals="0" methods="1" coveredmethods="1"/>
        <line num="7" count="1" type="stmt"/>
        <line num="8" count="4" type="stmt"/>
      </file>
      <file name="SignupUI.jsx" path="/Users/rei/Documents/GIT/team/CalendarMatchSystem/frontend/src/components/SignupUI.jsx">
        <metrics statements="2" coveredstatements="2" conditionals="2" coveredconditionals="2" methods="1" coveredmethods="1"/>
        <line num="16" count="1" type="stmt"/>
        <line num="17" count="5" type="stmt"/>
      </file>
    </package>
    <package name="src.pages">
      <metrics statements="78" coveredstatements="5" conditionals="11" coveredconditionals="0" methods="28" coveredmethods="2"/>
      <file name="Home.jsx" path="/Users/rei/Documents/GIT/team/CalendarMatchSystem/frontend/src/pages/Home.jsx">
        <metrics statements="8" coveredstatements="4" conditionals="0" coveredconditionals="0" methods="6" coveredmethods="2"/>
        <line num="5" count="2" type="stmt"/>
        <line num="7" count="1" type="stmt"/>
        <line num="8" count="1" type="stmt"/>
        <line num="9" count="0" type="stmt"/>
        <line num="10" count="0" type="stmt"/>
        <line num="11" count="0" type="stmt"/>
        <line num="14" count="1" type="stmt"/>
        <line num="19" count="0" type="stmt"/>
      </file>
      <file name="auth_login_page.jsx" path="/Users/rei/Documents/GIT/team/CalendarMatchSystem/frontend/src/pages/auth_login_page.jsx">
        <metrics statements="15" coveredstatements="0" conditionals="0" coveredconditionals="0" methods="6" coveredmethods="0"/>
        <line num="14" count="0" type="stmt"/>
        <line num="15" count="0" type="stmt"/>
        <line num="16" count="0" type="stmt"/>
        <line num="17" count="0" type="stmt"/>
        <line num="18" count="0" type="stmt"/>
        <line num="20" count="0" type="stmt"/>
        <line num="21" count="0" type="stmt"/>
        <line num="23" count="0" type="stmt"/>
        <line num="24" count="0" type="stmt"/>
        <line num="26" count="0" type="stmt"/>
        <line num="32" count="0" type="stmt"/>
        <line num="34" count="0" type="stmt"/>
        <line num="37" count="0" type="stmt"/>
        <line num="38" count="0" type="stmt"/>
        <line num="42" count="0" type="stmt"/>
      </file>
      <file name="auth_logout_page.jsx" path="/Users/rei/Documents/GIT/team/CalendarMatchSystem/frontend/src/pages/auth_logout_page.jsx">
        <metrics statements="8" coveredstatements="0" conditionals="0" coveredconditionals="0" methods="3" coveredmethods="0"/>
        <line num="12" count="0" type="stmt"/>
        <line num="13" count="0" type="stmt"/>
        <line num="15" count="0" type="stmt"/>
        <line num="17" count="0" type="stmt"/>
        <line num="20" count="0" type="stmt"/>
        <line num="23" count="0" type="stmt"/>
        <line num="25" count="0" type="stmt"/>
        <line num="28" count="0" type="stmt"/>
      </file>
      <file name="auth_sign_up_page.jsx" path="/Users/rei/Documents/GIT/team/CalendarMatchSystem/frontend/src/pages/auth_sign_up_page.jsx">
        <metrics statements="22" coveredstatements="0" conditionals="7" coveredconditionals="0" methods="4" coveredmethods="0"/>
        <line num="18" count="0" type="stmt"/>
        <line num="19" count="0" type="stmt"/>
        <line num="20" count="0" type="stmt"/>
        <line num="22" count="0" type="stmt"/>
        <line num="23" count="0" type="stmt"/>
        <line num="24" count="0" type="stmt"/>
        <line num="25" count="0" type="stmt"/>
        <line num="26" count="0" type="stmt"/>
        <line num="28" count="0" type="cond" truecount="0" falsecount="5"/>
        <line num="29" count="0" type="stmt"/>
        <line num="30" count="0" type="stmt"/>
        <line num="33" count="0" type="stmt"/>
        <line num="34" count="0" type="stmt"/>
        <line num="35" count="0" type="stmt"/>
        <line num="36" count="0" type="stmt"/>
        <line num="37" count="0" type="cond" truecount="0" falsecount="2"/>
        <line num="38" count="0" type="stmt"/>
        <line num="41" count="0" type="stmt"/>
        <line num="43" count="0" type="stmt"/>
        <line num="44" count="0" type="stmt"/>
        <line num="47" count="0" type="stmt"/>
        <line num="51" count="0" type="stmt"/>
      </file>
      <file name="community_calendar_tag_edit_complete_page.jsx" path="/Users/rei/Documents/GIT/team/CalendarMatchSystem/frontend/src/pages/community_calendar_tag_edit_complete_page.jsx">
        <metrics statements="0" coveredstatements="0" conditionals="0" coveredconditionals="0" methods="0" coveredmethods="0"/>
      </file>
      <file name="community_calendar_tag_edit_page.jsx" path="/Users/rei/Documents/GIT/team/CalendarMatchSystem/frontend/src/pages/community_calendar_tag_edit_page.jsx">
        <metrics statements="0" coveredstatements="0" conditionals="0" coveredconditionals="0" methods="0" coveredmethods="0"/>
      </file>
      <file name="community_calendar_tag_post_complete_page.jsx" path="/Users/rei/Documents/GIT/team/CalendarMatchSystem/frontend/src/pages/community_calendar_tag_post_complete_page.jsx">
        <metrics statements="0" coveredstatements="0" conditionals="0" coveredconditionals="0" methods="0" coveredmethods="0"/>
      </file>
      <file name="community_calendar_tag_post_page.jsx" path="/Users/rei/Documents/GIT/team/CalendarMatchSystem/frontend/src/pages/community_calendar_tag_post_page.jsx">
        <metrics statements="0" coveredstatements="0" conditionals="0" coveredconditionals="0" methods="0" coveredmethods="0"/>
      </file>
      <file name="community_calendar_tag_view_page.jsx" path="/Users/rei/Documents/GIT/team/CalendarMatchSystem/frontend/src/pages/community_calendar_tag_view_page.jsx">
        <metrics statements="0" coveredstatements="0" conditionals="0" coveredconditionals="0" methods="0" coveredmethods="0"/>
      </file>
      <file name="community_create_complete_page.jsx" path="/Users/rei/Documents/GIT/team/CalendarMatchSystem/frontend/src/pages/community_create_complete_page.jsx">
        <metrics statements="0" coveredstatements="0" conditionals="0" coveredconditionals="0" methods="0" coveredmethods="0"/>
      </file>
      <file name="community_create_page.jsx" path="/Users/rei/Documents/GIT/team/CalendarMatchSystem/frontend/src/pages/community_create_page.jsx">
        <metrics statements="0" coveredstatements="0" conditionals="0" coveredconditionals="0" methods="0" coveredmethods="0"/>
      </file>
      <file name="community_join_page.jsx" path="/Users/rei/Documents/GIT/team/CalendarMatchSystem/frontend/src/pages/community_join_page.jsx">
        <metrics statements="0" coveredstatements="0" conditionals="0" coveredconditionals="0" methods="0" coveredmethods="0"/>
      </file>
      <file name="community_leave_page.jsx" path="/Users/rei/Documents/GIT/team/CalendarMatchSystem/frontend/src/pages/community_leave_page.jsx">
        <metrics statements="25" coveredstatements="1" conditionals="4" coveredconditionals="0" methods="9" coveredmethods="0"/>
        <line num="15" count="1" type="stmt"/>
        <line num="17" count="0" type="stmt"/>
        <line num="18" count="0" type="stmt"/>
        <line num="19" count="0" type="stmt"/>
        <line num="20" count="0" type="stmt"/>
        <line num="21" count="0" type="stmt"/>
        <line num="22" count="0" type="stmt"/>
        <line num="24" count="0" type="stmt"/>
        <line num="27" count="0" type="stmt"/>
        <line num="29" count="0" type="stmt"/>
        <line num="31" count="0" type="stmt"/>
        <line num="32" count="0" type="stmt"/>
        <line num="35" count="0" type="stmt"/>
        <line num="36" count="0" type="stmt"/>
        <line num="40" count="0" type="stmt"/>
        <line num="43" count="0" type="stmt"/>
        <line num="46" count="0" type="stmt"/>
        <line num="47" count="0" type="stmt"/>
        <line num="49" count="0" type="stmt"/>
        <line num="52" count="0" type="stmt"/>
        <line num="53" count="0" type="stmt"/>
        <line num="56" count="0" type="stmt"/>
        <line num="60" count="0" type="cond" truecount="0" falsecount="2"/>
        <line num="61" count="0" type="cond" truecount="0" falsecount="2"/>
        <line num="63" count="0" type="stmt"/>
      </file>
      <file name="community_member_list_page.jsx" path="/Users/rei/Documents/GIT/team/CalendarMatchSystem/frontend/src/pages/community_member_list_page.jsx">
        <metrics statements="0" coveredstatements="0" conditionals="0" coveredconditionals="0" methods="0" coveredmethods="0"/>
      </file>
      <file name="community_tag_chat_page.jsx" path="/Users/rei/Documents/GIT/team/CalendarMatchSystem/frontend/src/pages/community_tag_chat_page.jsx">
        <metrics statements="0" coveredstatements="0" conditionals="0" coveredconditionals="0" methods="0" coveredmethods="0"/>
      </file>
      <file name="community_template_tag_edit_page.jsx" path="/Users/rei/Documents/GIT/team/CalendarMatchSystem/frontend/src/pages/community_template_tag_edit_page.jsx">
        <metrics statements="0" coveredstatements="0" conditionals="0" coveredconditionals="0" methods="0" coveredmethods="0"/>
      </file>
      <file name="community_template_tag_view_page.jsx" path="/Users/rei/Documents/GIT/team/CalendarMatchSystem/frontend/src/pages/community_template_tag_view_page.jsx">
        <metrics statements="0" coveredstatements="0" conditionals="0" coveredconditionals="0" methods="0" coveredmethods="0"/>
      </file>
      <file name="hamburger_menu_page.jsx" path="/Users/rei/Documents/GIT/team/CalendarMatchSystem/frontend/src/pages/hamburger_menu_page.jsx">
        <metrics statements="0" coveredstatements="0" conditionals="0" coveredconditionals="0" methods="0" coveredmethods="0"/>
      </file>
      <file name="hamburger_menu_user_page.jsx" path="/Users/rei/Documents/GIT/team/CalendarMatchSystem/frontend/src/pages/hamburger_menu_user_page.jsx">
        <metrics statements="0" coveredstatements="0" conditionals="0" coveredconditionals="0" methods="0" coveredmethods="0"/>
      </file>
      <file name="user_info_edit_complete_page.jsx" path="/Users/rei/Documents/GIT/team/CalendarMatchSystem/frontend/src/pages/user_info_edit_complete_page.jsx">
        <metrics statements="0" coveredstatements="0" conditionals="0" coveredconditionals="0" methods="0" coveredmethods="0"/>
      </file>
      <file name="user_info_edit_page.jsx" path="/Users/rei/Documents/GIT/team/CalendarMatchSystem/frontend/src/pages/user_info_edit_page.jsx">
        <metrics statements="0" coveredstatements="0" conditionals="0" coveredconditionals="0" methods="0" coveredmethods="0"/>
      </file>
    </package>
    <package name="src.routes">
      <metrics statements="3" coveredstatements="3" conditionals="0" coveredconditionals="0" methods="0" coveredmethods="0"/>
      <file name="AuthRoutes.jsx" path="/Users/rei/Documents/GIT/team/CalendarMatchSystem/frontend/src/routes/AuthRoutes.jsx">
        <metrics statements="1" coveredstatements="1" conditionals="0" coveredconditionals="0" methods="0" coveredmethods="0"/>
        <line num="6" count="1" type="stmt"/>
      </file>
      <file name="CommunityRoutes.jsx" path="/Users/rei/Documents/GIT/team/CalendarMatchSystem/frontend/src/routes/CommunityRoutes.jsx">
        <metrics statements="1" coveredstatements="1" conditionals="0" coveredconditionals="0" methods="0" coveredmethods="0"/>
        <line num="7" count="1" type="stmt"/>
      </file>
      <file name="UserRoutes.jsx" path="/Users/rei/Documents/GIT/team/CalendarMatchSystem/frontend/src/routes/UserRoutes.jsx">
        <metrics statements="1" coveredstatements="1" conditionals="0" coveredconditionals="0" methods="0" coveredmethods="0"/>
        <line num="6" count="1" type="stmt"/>
      </file>
    </package>
  </project>
</coverage>
