{"/Users/rei/Documents/GIT/team/CalendarMatchSystem/frontend/src/App.js": {"path":"/Users/rei/Documents/GIT/team/CalendarMatchSystem/frontend/src/App.js","statementMap":{"0":{"start":{"line":13,"column":2},"end":{"line":25,"column":4}}},"fnMap":{"0":{"name":"App","decl":{"start":{"line":12,"column":24},"end":{"line":12,"column":27}},"loc":{"start":{"line":12,"column":30},"end":{"line":26,"column":1}},"line":12}},"branchMap":{},"s":{"0":2},"f":{"0":2},"b":{},"_coverageSchema":"1a1c01bbd47fc00a2c39e90264f33305004495a9","hash":"763b019521600abff63b9276723d9ced78483403"}
,"/Users/rei/Documents/GIT/team/CalendarMatchSystem/frontend/src/components/CommunityLeave.jsx": {"path":"/Users/rei/Documents/GIT/team/CalendarMatchSystem/frontend/src/components/CommunityLeave.jsx","statementMap":{"0":{"start":{"line":3,"column":23},"end":{"line":36,"column":1}},"1":{"start":{"line":4,"column":2},"end":{"line":35,"column":4}}},"fnMap":{"0":{"name":"(anonymous_0)","decl":{"start":{"line":3,"column":23},"end":{"line":3,"column":24}},"loc":{"start":{"line":3,"column":89},"end":{"line":36,"column":1}},"line":3}},"branchMap":{"0":{"loc":{"start":{"line":3,"column":26},"end":{"line":3,"column":47}},"type":"default-arg","locations":[{"start":{"line":3,"column":42},"end":{"line":3,"column":47}}],"line":3}},"s":{"0":1,"1":0},"f":{"0":0},"b":{"0":[0]},"_coverageSchema":"1a1c01bbd47fc00a2c39e90264f33305004495a9","hash":"20b47565f03fa66b570eb9306f053e4fb7b6c744"}
,"/Users/rei/Documents/GIT/team/CalendarMatchSystem/frontend/src/components/LoginUI.jsx": {"path":"/Users/rei/Documents/GIT/team/CalendarMatchSystem/frontend/src/components/LoginUI.jsx","statementMap":{"0":{"start":{"line":18,"column":16},"end":{"line":64,"column":1}},"1":{"start":{"line":26,"column":2},"end":{"line":63,"column":3}}},"fnMap":{"0":{"name":"(anonymous_0)","decl":{"start":{"line":18,"column":16},"end":{"line":18,"column":17}},"loc":{"start":{"line":25,"column":6},"end":{"line":64,"column":1}},"line":25}},"branchMap":{"0":{"loc":{"start":{"line":52,"column":7},"end":{"line":54,"column":7}},"type":"binary-expr","locations":[{"start":{"line":52,"column":7},"end":{"line":52,"column":15}},{"start":{"line":53,"column":8},"end":{"line":53,"column":63}}],"line":52}},"s":{"0":0,"1":0},"f":{"0":0},"b":{"0":[0,0]}}
,"/Users/rei/Documents/GIT/team/CalendarMatchSystem/frontend/src/components/LogoutUI.jsx": {"path":"/Users/rei/Documents/GIT/team/CalendarMatchSystem/frontend/src/components/LogoutUI.jsx","statementMap":{"0":{"start":{"line":7,"column":17},"end":{"line":31,"column":1}},"1":{"start":{"line":8,"column":2},"end":{"line":30,"column":4}}},"fnMap":{"0":{"name":"(anonymous_0)","decl":{"start":{"line":7,"column":17},"end":{"line":7,"column":18}},"loc":{"start":{"line":7,"column":55},"end":{"line":31,"column":1}},"line":7}},"branchMap":{},"s":{"0":1,"1":4},"f":{"0":4},"b":{},"_coverageSchema":"1a1c01bbd47fc00a2c39e90264f33305004495a9","hash":"7d923eb286c5c5351bbbd8e1a339e60ce41f3109"}
,"/Users/rei/Documents/GIT/team/CalendarMatchSystem/frontend/src/components/SignupUI.jsx": {"path":"/Users/rei/Documents/GIT/team/CalendarMatchSystem/frontend/src/components/SignupUI.jsx","statementMap":{"0":{"start":{"line":16,"column":17},"end":{"line":83,"column":1}},"1":{"start":{"line":17,"column":2},"end":{"line":82,"column":4}}},"fnMap":{"0":{"name":"(anonymous_0)","decl":{"start":{"line":16,"column":17},"end":{"line":16,"column":18}},"loc":{"start":{"line":16,"column":45},"end":{"line":83,"column":1}},"line":16}},"branchMap":{"0":{"loc":{"start":{"line":80,"column":7},"end":{"line":80,"column":80}},"type":"binary-expr","locations":[{"start":{"line":80,"column":7},"end":{"line":80,"column":10}},{"start":{"line":80,"column":14},"end":{"line":80,"column":80}}],"line":80}},"s":{"0":1,"1":5},"f":{"0":5},"b":{"0":[5,1]},"_coverageSchema":"1a1c01bbd47fc00a2c39e90264f33305004495a9","hash":"35a7b4ea2d61d96c6fd38e2f89fa27a0a8d3b8b4"}
,"/Users/rei/Documents/GIT/team/CalendarMatchSystem/frontend/src/pages/Home.jsx": {"path":"/Users/rei/Documents/GIT/team/CalendarMatchSystem/frontend/src/pages/Home.jsx","statementMap":{"0":{"start":{"line":5,"column":34},"end":{"line":5,"column":46}},"1":{"start":{"line":7,"column":2},"end":{"line":12,"column":9}},"2":{"start":{"line":8,"column":4},"end":{"line":11,"column":42}},"3":{"start":{"line":9,"column":21},"end":{"line":9,"column":31}},"4":{"start":{"line":10,"column":22},"end":{"line":10,"column":39}},"5":{"start":{"line":11,"column":22},"end":{"line":11,"column":40}},"6":{"start":{"line":14,"column":2},"end":{"line":23,"column":4}},"7":{"start":{"line":19,"column":10},"end":{"line":19,"column":38}}},"fnMap":{"0":{"name":"App","decl":{"start":{"line":4,"column":9},"end":{"line":4,"column":12}},"loc":{"start":{"line":4,"column":15},"end":{"line":24,"column":1}},"line":4},"1":{"name":"(anonymous_1)","decl":{"start":{"line":7,"column":12},"end":{"line":7,"column":13}},"loc":{"start":{"line":7,"column":18},"end":{"line":12,"column":3}},"line":7},"2":{"name":"(anonymous_2)","decl":{"start":{"line":9,"column":12},"end":{"line":9,"column":13}},"loc":{"start":{"line":9,"column":21},"end":{"line":9,"column":31}},"line":9},"3":{"name":"(anonymous_3)","decl":{"start":{"line":10,"column":12},"end":{"line":10,"column":13}},"loc":{"start":{"line":10,"column":22},"end":{"line":10,"column":39}},"line":10},"4":{"name":"(anonymous_4)","decl":{"start":{"line":11,"column":13},"end":{"line":11,"column":14}},"loc":{"start":{"line":11,"column":22},"end":{"line":11,"column":40}},"line":11},"5":{"name":"(anonymous_5)","decl":{"start":{"line":18,"column":22},"end":{"line":18,"column":23}},"loc":{"start":{"line":19,"column":10},"end":{"line":19,"column":38}},"line":19}},"branchMap":{},"s":{"0":2,"1":1,"2":1,"3":0,"4":0,"5":0,"6":1,"7":0},"f":{"0":2,"1":1,"2":0,"3":0,"4":0,"5":0},"b":{},"_coverageSchema":"1a1c01bbd47fc00a2c39e90264f33305004495a9","hash":"739e552d929d4540bcb8ebf21aa2372e20d57eee"}
,"/Users/rei/Documents/GIT/team/CalendarMatchSystem/frontend/src/pages/auth_login_page.jsx": {"path":"/Users/rei/Documents/GIT/team/CalendarMatchSystem/frontend/src/pages/auth_login_page.jsx","statementMap":{"0":{"start":{"line":14,"column":22},"end":{"line":52,"column":1}},"1":{"start":{"line":15,"column":28},"end":{"line":15,"column":40}},"2":{"start":{"line":16,"column":34},"end":{"line":16,"column":46}},"3":{"start":{"line":17,"column":34},"end":{"line":17,"column":46}},"4":{"start":{"line":18,"column":19},"end":{"line":18,"column":32}},"5":{"start":{"line":20,"column":28},"end":{"line":20,"column":59}},"6":{"start":{"line":20,"column":35},"end":{"line":20,"column":59}},"7":{"start":{"line":21,"column":31},"end":{"line":21,"column":65}},"8":{"start":{"line":21,"column":38},"end":{"line":21,"column":65}},"9":{"start":{"line":23,"column":27},"end":{"line":40,"column":3}},"10":{"start":{"line":24,"column":4},"end":{"line":24,"column":20}},"11":{"start":{"line":26,"column":4},"end":{"line":39,"column":9}},"12":{"start":{"line":32,"column":8},"end":{"line":32,"column":48}},"13":{"start":{"line":34,"column":8},"end":{"line":34,"column":30}},"14":{"start":{"line":37,"column":8},"end":{"line":37,"column":27}},"15":{"start":{"line":38,"column":8},"end":{"line":38,"column":60}},"16":{"start":{"line":42,"column":2},"end":{"line":51,"column":4}}},"fnMap":{"0":{"name":"(anonymous_0)","decl":{"start":{"line":14,"column":22},"end":{"line":14,"column":23}},"loc":{"start":{"line":14,"column":28},"end":{"line":52,"column":1}},"line":14},"1":{"name":"(anonymous_1)","decl":{"start":{"line":20,"column":28},"end":{"line":20,"column":29}},"loc":{"start":{"line":20,"column":35},"end":{"line":20,"column":59}},"line":20},"2":{"name":"(anonymous_2)","decl":{"start":{"line":21,"column":31},"end":{"line":21,"column":32}},"loc":{"start":{"line":21,"column":38},"end":{"line":21,"column":65}},"line":21},"3":{"name":"(anonymous_3)","decl":{"start":{"line":23,"column":27},"end":{"line":23,"column":28}},"loc":{"start":{"line":23,"column":33},"end":{"line":40,"column":3}},"line":23},"4":{"name":"(anonymous_4)","decl":{"start":{"line":30,"column":12},"end":{"line":30,"column":13}},"loc":{"start":{"line":30,"column":21},"end":{"line":35,"column":7}},"line":30},"5":{"name":"(anonymous_5)","decl":{"start":{"line":36,"column":13},"end":{"line":36,"column":14}},"loc":{"start":{"line":36,"column":22},"end":{"line":39,"column":7}},"line":36}},"branchMap":{},"s":{"0":0,"1":0,"2":0,"3":0,"4":0,"5":0,"6":0,"7":0,"8":0,"9":0,"10":0,"11":0,"12":0,"13":0,"14":0,"15":0,"16":0},"f":{"0":0,"1":0,"2":0,"3":0,"4":0,"5":0},"b":{}}
,"/Users/rei/Documents/GIT/team/CalendarMatchSystem/frontend/src/pages/auth_logout_page.jsx": {"path":"/Users/rei/Documents/GIT/team/CalendarMatchSystem/frontend/src/pages/auth_logout_page.jsx","statementMap":{"0":{"start":{"line":12,"column":23},"end":{"line":31,"column":1}},"1":{"start":{"line":13,"column":19},"end":{"line":13,"column":32}},"2":{"start":{"line":15,"column":24},"end":{"line":21,"column":3}},"3":{"start":{"line":17,"column":4},"end":{"line":17,"column":29}},"4":{"start":{"line":20,"column":4},"end":{"line":20,"column":28}},"5":{"start":{"line":23,"column":24},"end":{"line":26,"column":3}},"6":{"start":{"line":25,"column":4},"end":{"line":25,"column":26}},"7":{"start":{"line":28,"column":2},"end":{"line":30,"column":4}}},"fnMap":{"0":{"name":"(anonymous_0)","decl":{"start":{"line":12,"column":23},"end":{"line":12,"column":24}},"loc":{"start":{"line":12,"column":29},"end":{"line":31,"column":1}},"line":12},"1":{"name":"(anonymous_1)","decl":{"start":{"line":15,"column":24},"end":{"line":15,"column":25}},"loc":{"start":{"line":15,"column":30},"end":{"line":21,"column":3}},"line":15},"2":{"name":"(anonymous_2)","decl":{"start":{"line":23,"column":24},"end":{"line":23,"column":25}},"loc":{"start":{"line":23,"column":30},"end":{"line":26,"column":3}},"line":23}},"branchMap":{},"s":{"0":0,"1":0,"2":0,"3":0,"4":0,"5":0,"6":0,"7":0},"f":{"0":0,"1":0,"2":0},"b":{}}
,"/Users/rei/Documents/GIT/team/CalendarMatchSystem/frontend/src/pages/auth_sign_up_page.jsx": {"path":"/Users/rei/Documents/GIT/team/CalendarMatchSystem/frontend/src/pages/auth_sign_up_page.jsx","statementMap":{"0":{"start":{"line":18,"column":23},"end":{"line":52,"column":1}},"1":{"start":{"line":19,"column":24},"end":{"line":19,"column":36}},"2":{"start":{"line":20,"column":19},"end":{"line":20,"column":32}},"3":{"start":{"line":22,"column":24},"end":{"line":49,"column":3}},"4":{"start":{"line":23,"column":18},"end":{"line":23,"column":69}},"5":{"start":{"line":24,"column":21},"end":{"line":24,"column":75}},"6":{"start":{"line":25,"column":24},"end":{"line":25,"column":82}},"7":{"start":{"line":26,"column":21},"end":{"line":26,"column":79}},"8":{"start":{"line":28,"column":4},"end":{"line":31,"column":5}},"9":{"start":{"line":29,"column":6},"end":{"line":29,"column":35}},"10":{"start":{"line":30,"column":6},"end":{"line":30,"column":13}},"11":{"start":{"line":33,"column":21},"end":{"line":33,"column":35}},"12":{"start":{"line":34,"column":4},"end":{"line":34,"column":36}},"13":{"start":{"line":35,"column":4},"end":{"line":35,"column":42}},"14":{"start":{"line":36,"column":4},"end":{"line":36,"column":49}},"15":{"start":{"line":37,"column":4},"end":{"line":39,"column":5}},"16":{"start":{"line":38,"column":6},"end":{"line":38,"column":45}},"17":{"start":{"line":41,"column":4},"end":{"line":48,"column":9}},"18":{"start":{"line":43,"column":8},"end":{"line":43,"column":31}},"19":{"start":{"line":44,"column":8},"end":{"line":44,"column":28}},"20":{"start":{"line":47,"column":8},"end":{"line":47,"column":41}},"21":{"start":{"line":51,"column":2},"end":{"line":51,"column":62}}},"fnMap":{"0":{"name":"(anonymous_0)","decl":{"start":{"line":18,"column":23},"end":{"line":18,"column":24}},"loc":{"start":{"line":18,"column":29},"end":{"line":52,"column":1}},"line":18},"1":{"name":"(anonymous_1)","decl":{"start":{"line":22,"column":24},"end":{"line":22,"column":25}},"loc":{"start":{"line":22,"column":30},"end":{"line":49,"column":3}},"line":22},"2":{"name":"(anonymous_2)","decl":{"start":{"line":42,"column":12},"end":{"line":42,"column":13}},"loc":{"start":{"line":42,"column":18},"end":{"line":45,"column":7}},"line":42},"3":{"name":"(anonymous_3)","decl":{"start":{"line":46,"column":13},"end":{"line":46,"column":14}},"loc":{"start":{"line":46,"column":19},"end":{"line":48,"column":7}},"line":46}},"branchMap":{"0":{"loc":{"start":{"line":28,"column":4},"end":{"line":31,"column":5}},"type":"if","locations":[{"start":{"line":28,"column":4},"end":{"line":31,"column":5}},{"start":{},"end":{}}],"line":28},"1":{"loc":{"start":{"line":28,"column":8},"end":{"line":28,"column":43}},"type":"binary-expr","locations":[{"start":{"line":28,"column":8},"end":{"line":28,"column":14}},{"start":{"line":28,"column":18},"end":{"line":28,"column":27}},{"start":{"line":28,"column":31},"end":{"line":28,"column":43}}],"line":28},"2":{"loc":{"start":{"line":37,"column":4},"end":{"line":39,"column":5}},"type":"if","locations":[{"start":{"line":37,"column":4},"end":{"line":39,"column":5}},{"start":{},"end":{}}],"line":37}},"s":{"0":0,"1":0,"2":0,"3":0,"4":0,"5":0,"6":0,"7":0,"8":0,"9":0,"10":0,"11":0,"12":0,"13":0,"14":0,"15":0,"16":0,"17":0,"18":0,"19":0,"20":0,"21":0},"f":{"0":0,"1":0,"2":0,"3":0},"b":{"0":[0,0],"1":[0,0,0],"2":[0,0]}}
,"/Users/rei/Documents/GIT/team/CalendarMatchSystem/frontend/src/pages/community_calendar_tag_edit_complete_page.jsx": {"path":"/Users/rei/Documents/GIT/team/CalendarMatchSystem/frontend/src/pages/community_calendar_tag_edit_complete_page.jsx","statementMap":{},"fnMap":{},"branchMap":{},"s":{},"f":{},"b":{}}
,"/Users/rei/Documents/GIT/team/CalendarMatchSystem/frontend/src/pages/community_calendar_tag_edit_page.jsx": {"path":"/Users/rei/Documents/GIT/team/CalendarMatchSystem/frontend/src/pages/community_calendar_tag_edit_page.jsx","statementMap":{},"fnMap":{},"branchMap":{},"s":{},"f":{},"b":{}}
,"/Users/rei/Documents/GIT/team/CalendarMatchSystem/frontend/src/pages/community_calendar_tag_post_complete_page.jsx": {"path":"/Users/rei/Documents/GIT/team/CalendarMatchSystem/frontend/src/pages/community_calendar_tag_post_complete_page.jsx","statementMap":{},"fnMap":{},"branchMap":{},"s":{},"f":{},"b":{}}
,"/Users/rei/Documents/GIT/team/CalendarMatchSystem/frontend/src/pages/community_calendar_tag_post_page.jsx": {"path":"/Users/rei/Documents/GIT/team/CalendarMatchSystem/frontend/src/pages/community_calendar_tag_post_page.jsx","statementMap":{},"fnMap":{},"branchMap":{},"s":{},"f":{},"b":{}}
,"/Users/rei/Documents/GIT/team/CalendarMatchSystem/frontend/src/pages/community_calendar_tag_view_page.jsx": {"path":"/Users/rei/Documents/GIT/team/CalendarMatchSystem/frontend/src/pages/community_calendar_tag_view_page.jsx","statementMap":{},"fnMap":{},"branchMap":{},"s":{},"f":{},"b":{}}
,"/Users/rei/Documents/GIT/team/CalendarMatchSystem/frontend/src/pages/community_create_complete_page.jsx": {"path":"/Users/rei/Documents/GIT/team/CalendarMatchSystem/frontend/src/pages/community_create_complete_page.jsx","statementMap":{},"fnMap":{},"branchMap":{},"s":{},"f":{},"b":{}}
,"/Users/rei/Documents/GIT/team/CalendarMatchSystem/frontend/src/pages/community_create_page.jsx": {"path":"/Users/rei/Documents/GIT/team/CalendarMatchSystem/frontend/src/pages/community_create_page.jsx","statementMap":{},"fnMap":{},"branchMap":{},"s":{},"f":{},"b":{}}
,"/Users/rei/Documents/GIT/team/CalendarMatchSystem/frontend/src/pages/community_join_page.jsx": {"path":"/Users/rei/Documents/GIT/team/CalendarMatchSystem/frontend/src/pages/community_join_page.jsx","statementMap":{},"fnMap":{},"branchMap":{},"s":{},"f":{},"b":{}}
,"/Users/rei/Documents/GIT/team/CalendarMatchSystem/frontend/src/pages/community_leave_page.jsx": {"path":"/Users/rei/Documents/GIT/team/CalendarMatchSystem/frontend/src/pages/community_leave_page.jsx","statementMap":{"0":{"start":{"line":15,"column":27},"end":{"line":66,"column":1}},"1":{"start":{"line":17,"column":26},"end":{"line":17,"column":37}},"2":{"start":{"line":18,"column":44},"end":{"line":18,"column":56}},"3":{"start":{"line":19,"column":32},"end":{"line":19,"column":46}},"4":{"start":{"line":20,"column":28},"end":{"line":20,"column":40}},"5":{"start":{"line":21,"column":24},"end":{"line":21,"column":36}},"6":{"start":{"line":22,"column":19},"end":{"line":22,"column":32}},"7":{"start":{"line":24,"column":24},"end":{"line":38,"column":3}},"8":{"start":{"line":27,"column":19},"end":{"line":27,"column":40}},"9":{"start":{"line":29,"column":4},"end":{"line":37,"column":6}},"10":{"start":{"line":31,"column":6},"end":{"line":31,"column":23}},"11":{"start":{"line":32,"column":6},"end":{"line":32,"column":43}},"12":{"start":{"line":35,"column":6},"end":{"line":35,"column":28}},"13":{"start":{"line":36,"column":6},"end":{"line":36,"column":25}},"14":{"start":{"line":40,"column":24},"end":{"line":44,"column":3}},"15":{"start":{"line":43,"column":4},"end":{"line":43,"column":41}},"16":{"start":{"line":46,"column":2},"end":{"line":58,"column":20}},"17":{"start":{"line":47,"column":4},"end":{"line":57,"column":9}},"18":{"start":{"line":49,"column":8},"end":{"line":49,"column":50}},"19":{"start":{"line":52,"column":8},"end":{"line":52,"column":27}},"20":{"start":{"line":53,"column":8},"end":{"line":53,"column":39}},"21":{"start":{"line":56,"column":8},"end":{"line":56,"column":26}},"22":{"start":{"line":60,"column":2},"end":{"line":60,"column":57}},"23":{"start":{"line":60,"column":14},"end":{"line":60,"column":57}},"24":{"start":{"line":61,"column":2},"end":{"line":61,"column":67}},"25":{"start":{"line":61,"column":12},"end":{"line":61,"column":67}},"26":{"start":{"line":63,"column":2},"end":{"line":65,"column":4}}},"fnMap":{"0":{"name":"(anonymous_0)","decl":{"start":{"line":15,"column":27},"end":{"line":15,"column":28}},"loc":{"start":{"line":15,"column":33},"end":{"line":66,"column":1}},"line":15},"1":{"name":"(anonymous_1)","decl":{"start":{"line":24,"column":24},"end":{"line":24,"column":25}},"loc":{"start":{"line":24,"column":30},"end":{"line":38,"column":3}},"line":24},"2":{"name":"(anonymous_2)","decl":{"start":{"line":30,"column":10},"end":{"line":30,"column":11}},"loc":{"start":{"line":30,"column":17},"end":{"line":33,"column":5}},"line":30},"3":{"name":"(anonymous_3)","decl":{"start":{"line":34,"column":11},"end":{"line":34,"column":12}},"loc":{"start":{"line":34,"column":18},"end":{"line":37,"column":5}},"line":34},"4":{"name":"(anonymous_4)","decl":{"start":{"line":40,"column":24},"end":{"line":40,"column":25}},"loc":{"start":{"line":40,"column":30},"end":{"line":44,"column":3}},"line":40},"5":{"name":"(anonymous_5)","decl":{"start":{"line":46,"column":12},"end":{"line":46,"column":13}},"loc":{"start":{"line":46,"column":18},"end":{"line":58,"column":3}},"line":46},"6":{"name":"(anonymous_6)","decl":{"start":{"line":48,"column":12},"end":{"line":48,"column":13}},"loc":{"start":{"line":48,"column":19},"end":{"line":50,"column":7}},"line":48},"7":{"name":"(anonymous_7)","decl":{"start":{"line":51,"column":13},"end":{"line":51,"column":14}},"loc":{"start":{"line":51,"column":20},"end":{"line":54,"column":7}},"line":51},"8":{"name":"(anonymous_8)","decl":{"start":{"line":55,"column":15},"end":{"line":55,"column":16}},"loc":{"start":{"line":55,"column":21},"end":{"line":57,"column":7}},"line":55}},"branchMap":{"0":{"loc":{"start":{"line":60,"column":2},"end":{"line":60,"column":57}},"type":"if","locations":[{"start":{"line":60,"column":2},"end":{"line":60,"column":57}},{"start":{},"end":{}}],"line":60},"1":{"loc":{"start":{"line":61,"column":2},"end":{"line":61,"column":67}},"type":"if","locations":[{"start":{"line":61,"column":2},"end":{"line":61,"column":67}},{"start":{},"end":{}}],"line":61}},"s":{"0":1,"1":0,"2":0,"3":0,"4":0,"5":0,"6":0,"7":0,"8":0,"9":0,"10":0,"11":0,"12":0,"13":0,"14":0,"15":0,"16":0,"17":0,"18":0,"19":0,"20":0,"21":0,"22":0,"23":0,"24":0,"25":0,"26":0},"f":{"0":0,"1":0,"2":0,"3":0,"4":0,"5":0,"6":0,"7":0,"8":0},"b":{"0":[0,0],"1":[0,0]},"_coverageSchema":"1a1c01bbd47fc00a2c39e90264f33305004495a9","hash":"ccebe7fe35612fdca932f23c4472935e405d27b7"}
,"/Users/rei/Documents/GIT/team/CalendarMatchSystem/frontend/src/pages/community_member_list_page.jsx": {"path":"/Users/rei/Documents/GIT/team/CalendarMatchSystem/frontend/src/pages/community_member_list_page.jsx","statementMap":{},"fnMap":{},"branchMap":{},"s":{},"f":{},"b":{}}
,"/Users/rei/Documents/GIT/team/CalendarMatchSystem/frontend/src/pages/community_tag_chat_page.jsx": {"path":"/Users/rei/Documents/GIT/team/CalendarMatchSystem/frontend/src/pages/community_tag_chat_page.jsx","statementMap":{},"fnMap":{},"branchMap":{},"s":{},"f":{},"b":{}}
,"/Users/rei/Documents/GIT/team/CalendarMatchSystem/frontend/src/pages/community_template_tag_edit_page.jsx": {"path":"/Users/rei/Documents/GIT/team/CalendarMatchSystem/frontend/src/pages/community_template_tag_edit_page.jsx","statementMap":{},"fnMap":{},"branchMap":{},"s":{},"f":{},"b":{}}
,"/Users/rei/Documents/GIT/team/CalendarMatchSystem/frontend/src/pages/community_template_tag_view_page.jsx": {"path":"/Users/rei/Documents/GIT/team/CalendarMatchSystem/frontend/src/pages/community_template_tag_view_page.jsx","statementMap":{},"fnMap":{},"branchMap":{},"s":{},"f":{},"b":{}}
,"/Users/rei/Documents/GIT/team/CalendarMatchSystem/frontend/src/pages/hamburger_menu_page.jsx": {"path":"/Users/rei/Documents/GIT/team/CalendarMatchSystem/frontend/src/pages/hamburger_menu_page.jsx","statementMap":{},"fnMap":{},"branchMap":{},"s":{},"f":{},"b":{}}
,"/Users/rei/Documents/GIT/team/CalendarMatchSystem/frontend/src/pages/hamburger_menu_user_page.jsx": {"path":"/Users/rei/Documents/GIT/team/CalendarMatchSystem/frontend/src/pages/hamburger_menu_user_page.jsx","statementMap":{},"fnMap":{},"branchMap":{},"s":{},"f":{},"b":{}}
,"/Users/rei/Documents/GIT/team/CalendarMatchSystem/frontend/src/pages/user_info_edit_complete_page.jsx": {"path":"/Users/rei/Documents/GIT/team/CalendarMatchSystem/frontend/src/pages/user_info_edit_complete_page.jsx","statementMap":{},"fnMap":{},"branchMap":{},"s":{},"f":{},"b":{}}
,"/Users/rei/Documents/GIT/team/CalendarMatchSystem/frontend/src/pages/user_info_edit_page.jsx": {"path":"/Users/rei/Documents/GIT/team/CalendarMatchSystem/frontend/src/pages/user_info_edit_page.jsx","statementMap":{},"fnMap":{},"branchMap":{},"s":{},"f":{},"b":{}}
,"/Users/rei/Documents/GIT/team/CalendarMatchSystem/frontend/src/routes/AuthRoutes.jsx": {"path":"/Users/rei/Documents/GIT/team/CalendarMatchSystem/frontend/src/routes/AuthRoutes.jsx","statementMap":{"0":{"start":{"line":6,"column":2},"end":{"line":7,"column":5}}},"fnMap":{},"branchMap":{},"s":{"0":1},"f":{},"b":{},"_coverageSchema":"1a1c01bbd47fc00a2c39e90264f33305004495a9","hash":"360c5ef8bfd49893777054dc556b1260dfadb4a7"}
,"/Users/rei/Documents/GIT/team/CalendarMatchSystem/frontend/src/routes/CommunityRoutes.jsx": {"path":"/Users/rei/Documents/GIT/team/CalendarMatchSystem/frontend/src/routes/CommunityRoutes.jsx","statementMap":{"0":{"start":{"line":7,"column":2},"end":{"line":9,"column":5}}},"fnMap":{},"branchMap":{},"s":{"0":1},"f":{},"b":{},"_coverageSchema":"1a1c01bbd47fc00a2c39e90264f33305004495a9","hash":"a47d2ee73183af845c6225311bf1cdef01c5b8ea"}
,"/Users/rei/Documents/GIT/team/CalendarMatchSystem/frontend/src/routes/UserRoutes.jsx": {"path":"/Users/rei/Documents/GIT/team/CalendarMatchSystem/frontend/src/routes/UserRoutes.jsx","statementMap":{"0":{"start":{"line":6,"column":2},"end":{"line":8,"column":5}}},"fnMap":{},"branchMap":{},"s":{"0":1},"f":{},"b":{},"_coverageSchema":"1a1c01bbd47fc00a2c39e90264f33305004495a9","hash":"d950041b0d7e35b2356ce6e0cbd73f91b42fff0a"}
}
